2023-08-09 18:09:32 +0000  Initial pipeline context: <IDEDistributionProcessingPipelineContext: 0x2d9e64670; archive(resolved)="<IDEArchive: 0x600008a01320>", distributionTask(resolved)="2", distributionDestination(resolved)="1", distributionMethod(resolved)="<IDEDistributionMethodDevelopmentSigned: 0x600006c4e8c0>", team(resolved)="<IDEProvisioningDisambiguatableBasicTeam: 0x600003188380; teamID='4WB5JBQVY8', teamName='Instituto de Pesquisas Eldorado (Enterprise)', teamType='Enterprise', username='geovana.contine@gmail.com', isFreeProvisioningTeam='0'>">
	Chain (14, self inclusive):
	<IDEDistributionProcessingPipelineContext: 0x2d9e64670; archive = "<IDEArchive: 0x600008a01320>", distributionMethod="<IDEDistributionMethodDevelopmentSigned: 0x600006c4e8c0>", team="<IDEProvisioningDisambiguatableBasicTeam: 0x600003188380; teamID='4WB5JBQVY8', teamName='Instituto de Pesquisas Eldorado (Enterprise)', teamType='Enterprise', username='geovana.contine@gmail.com', isFreeProvisioningTeam='0'>">
	<IDEDistributionProcessingPipelineContext: 0x2b3dc0440; archive = "<IDEArchive: 0x600008a01320>", distributionMethod="<IDEDistributionMethodDevelopmentSigned: 0x600006c4e8c0>", team="<IDEProvisioningDisambiguatableBasicTeam: 0x600003188380; teamID='4WB5JBQVY8', teamName='Instituto de Pesquisas Eldorado (Enterprise)', teamType='Enterprise', username='geovana.contine@gmail.com', isFreeProvisioningTeam='0'>">
	<IDEDistributionContext: 0x11da154c0; archive = "<IDEArchive: 0x600008a01320>", distributionMethod="<IDEDistributionMethodDevelopmentSigned: 0x600006c4e8c0>", team="<IDEProvisioningDisambiguatableBasicTeam: 0x600003188380; teamID='4WB5JBQVY8', teamName='Instituto de Pesquisas Eldorado (Enterprise)', teamType='Enterprise', username='geovana.contine@gmail.com', isFreeProvisioningTeam='0'>">
	<IDEDistributionContext: 0x2db95d820; archive = "<IDEArchive: 0x600008a01320>", distributionMethod="<IDEDistributionMethodDevelopmentSigned: 0x600006c4e8c0>", team="<IDEProvisioningDisambiguatableBasicTeam: 0x600003188380; teamID='4WB5JBQVY8', teamName='Instituto de Pesquisas Eldorado (Enterprise)', teamType='Enterprise', username='geovana.contine@gmail.com', isFreeProvisioningTeam='0'>">
	<IDEDistributionContext: 0x11da04640; archive = "<IDEArchive: 0x600008a01320>", distributionMethod="<IDEDistributionMethodDevelopmentSigned: 0x600006c4e8c0>", team="<IDEProvisioningDisambiguatableBasicTeam: 0x600003188380; teamID='4WB5JBQVY8', teamName='Instituto de Pesquisas Eldorado (Enterprise)', teamType='Enterprise', username='geovana.contine@gmail.com', isFreeProvisioningTeam='0'>">
	<IDEDistributionContext: 0x11da08150; archive = "<IDEArchive: 0x600008a01320>", distributionMethod="<IDEDistributionMethodDevelopmentSigned: 0x600006c4e8c0>", team="<IDEProvisioningDisambiguatableBasicTeam: 0x600003188380; teamID='4WB5JBQVY8', teamName='Instituto de Pesquisas Eldorado (Enterprise)', teamType='Enterprise', username='geovana.contine@gmail.com', isFreeProvisioningTeam='0'>">
	<IDEDistributionContext: 0x11da0aae0; archive = "<IDEArchive: 0x600008a01320>", distributionMethod="<IDEDistributionMethodDevelopmentSigned: 0x600006c4e8c0>", team="<IDEProvisioningDisambiguatableBasicTeam: 0x600003188380; teamID='4WB5JBQVY8', teamName='Instituto de Pesquisas Eldorado (Enterprise)', teamType='Enterprise', username='geovana.contine@gmail.com', isFreeProvisioningTeam='0'>">
	<IDEDistributionContext: 0x11da0b080; archive = "<IDEArchive: 0x600008a01320>", distributionMethod="<IDEDistributionMethodDevelopmentSigned: 0x600006c4e8c0>", team="<IDEProvisioningDisambiguatableBasicTeam: 0x600003188380; teamID='4WB5JBQVY8', teamName='Instituto de Pesquisas Eldorado (Enterprise)', teamType='Enterprise', username='geovana.contine@gmail.com', isFreeProvisioningTeam='0'>">
	<IDEDistributionContext: 0x2db971f50; archive = "<IDEArchive: 0x600008a01320>", distributionMethod="<IDEDistributionMethodDevelopmentSigned: 0x600006c4e8c0>", team="<IDEProvisioningDisambiguatableBasicTeam: 0x600003188380; teamID='4WB5JBQVY8', teamName='Instituto de Pesquisas Eldorado (Enterprise)', teamType='Enterprise', username='geovana.contine@gmail.com', isFreeProvisioningTeam='0'>">
	<IDEDistributionContext: 0x2db908960; archive = "<IDEArchive: 0x600008a01320>", distributionMethod="<IDEDistributionMethodDevelopmentSigned: 0x600006c4e8c0>", team="(null)">
	<IDEDistributionContext: 0x2db904990; archive = "<IDEArchive: 0x600008a01320>", distributionMethod="<IDEDistributionMethodDevelopmentSigned: 0x600006c4e8c0>", team="(null)">
	<IDEDistributionContext: 0x2db907110; archive = "<IDEArchive: 0x600008a01320>", distributionMethod="<IDEDistributionMethodDevelopmentSigned: 0x600006c4e8c0>", team="(null)">
	<IDEDistributionContext: 0x2db9657d0; archive = "<IDEArchive: 0x600008a01320>", distributionMethod="<IDEDistributionMethodDevelopmentSigned: 0x600006c4e8c0>", team="(null)">
	<IDEDistributionContext: 0x2a53284e0; archive = "<IDEArchive: 0x600008a01320>", distributionMethod="(null)", team="(null)">
</IDEDistributionProcessingPipelineContext: 0x2d9e64670>
2023-08-09 18:09:32 +0000  Processing step: IDEDistributionCreateDestRootStep
2023-08-09 18:09:32 +0000  Processing step: IDEDistributionCopyItemStep
2023-08-09 18:09:32 +0000  Running /usr/bin/ditto '-V' '/Users/geovanacontine/Library/Developer/Xcode/Archives/2023-08-09/ac-ios 09-08-23 15.08.xcarchive/Products/Applications/ac-ios.app' '/var/folders/lf/zmnvbkbd3ll6vxd6sc7j8d7r0000gp/T/XcodeDistPipeline.~~~mWuDl0/Root/Payload/ac-ios.app'
2023-08-09 18:09:32 +0000  >>> Copying /Users/geovanacontine/Library/Developer/Xcode/Archives/2023-08-09/ac-ios 09-08-23 15.08.xcarchive/Products/Applications/ac-ios.app 
2023-08-09 18:09:32 +0000  copying file ./_CodeSignature/CodeResources ... 
2023-08-09 18:09:32 +0000  4822 bytes for ./_CodeSignature/CodeResources
2023-08-09 18:09:32 +0000  copying file ./en.lproj/Localizable.strings ... 
2023-08-09 18:09:32 +0000  825 bytes for ./en.lproj/Localizable.strings
2023-08-09 18:09:32 +0000  copying file ./en.lproj/justifyAttendanceForm.yml ... 
2023-08-09 18:09:32 +0000  641 bytes for ./en.lproj/justifyAttendanceForm.yml
2023-08-09 18:09:32 +0000  copying file ./Settings.bundle/en.lproj/Root.strings ... 
2023-08-09 18:09:32 +0000  546 bytes for ./Settings.bundle/en.lproj/Root.strings
2023-08-09 18:09:32 +0000  copying file ./Settings.bundle/Root.plist ... 
2023-08-09 18:09:32 +0000  516 bytes for ./Settings.bundle/Root.plist
2023-08-09 18:09:32 +0000  copying file ./AppIcon60x60@2x.png ... 
2023-08-09 18:09:32 +0000  5703 bytes for ./AppIcon60x60@2x.png
2023-08-09 18:09:32 +0000  copying file ./Assets.car ... 
2023-08-09 18:09:32 +0000  130400 bytes for ./Assets.car
2023-08-09 18:09:32 +0000  copying file ./AppIcon76x76@2x~ipad.png ... 
2023-08-09 18:09:32 +0000  5904 bytes for ./AppIcon76x76@2x~ipad.png
2023-08-09 18:09:32 +0000  copying file ./pt-BR.lproj/Localizable.strings ... 
2023-08-09 18:09:32 +0000  2205 bytes for ./pt-BR.lproj/Localizable.strings
2023-08-09 18:09:32 +0000  copying file ./pt-BR.lproj/justifyAttendanceForm.yml ... 
2023-08-09 18:09:32 +0000  662 bytes for ./pt-BR.lproj/justifyAttendanceForm.yml
2023-08-09 18:09:32 +0000  copying file ./ac-ios ... 
2023-08-09 18:09:32 +0000  1328704 bytes for ./ac-ios
2023-08-09 18:09:32 +0000  copying file ./embedded.mobileprovision ... 
2023-08-09 18:09:32 +0000  163423 bytes for ./embedded.mobileprovision
2023-08-09 18:09:32 +0000  copying file ./Info.plist ... 
2023-08-09 18:09:32 +0000  1766 bytes for ./Info.plist
2023-08-09 18:09:32 +0000  copying file ./PkgInfo ... 
2023-08-09 18:09:32 +0000  8 bytes for ./PkgInfo
2023-08-09 18:09:32 +0000  /usr/bin/ditto exited with 0
2023-08-09 18:09:32 +0000  Processing step: IDEDistributionEmbedProfileStep
2023-08-09 18:09:32 +0000  Processing step: IDEDistributionInfoPlistStep
2023-08-09 18:09:32 +0000  Skipping step: IDEDistributionInfoPlistStep because it said so
2023-08-09 18:09:32 +0000  Processing step: IDEDistributionAppThinningPlistStep
2023-08-09 18:09:32 +0000  Skipping step: IDEDistributionAppThinningPlistStep because it said so
2023-08-09 18:09:32 +0000  Processing step: IDEDistributionCompileBitcodeStep
2023-08-09 18:09:32 +0000  Skipping step: IDEDistributionCompileBitcodeStep because it said so
2023-08-09 18:09:32 +0000  Processing step: IDEDistributionCodeSlimmingStep
2023-08-09 18:09:32 +0000  Processing step: IDEDistributionCopyBCSymbolMapsStep
2023-08-09 18:09:32 +0000  Skipping step: IDEDistributionCopyBCSymbolMapsStep because it said so
2023-08-09 18:09:32 +0000  Processing step: IDEDistributionSymbolsStep
2023-08-09 18:09:32 +0000  Skipping step: IDEDistributionSymbolsStep because it said so
2023-08-09 18:09:32 +0000  Processing step: IDEDistributionAppThinningStep
2023-08-09 18:09:32 +0000  Skipping step: IDEDistributionAppThinningStep because it said so
2023-08-09 18:09:32 +0000  Processing step: IDEDistributionArchThinningStep
2023-08-09 18:09:32 +0000  Running /Applications/Xcode-14.3.1.app/Contents/Developer/Toolchains/XcodeDefault.xctoolchain/usr/bin/lipo '/var/folders/lf/zmnvbkbd3ll6vxd6sc7j8d7r0000gp/T/XcodeDistPipeline.~~~mWuDl0/Root/Payload/ac-ios.app/ac-ios' '-verify_arch' 'arm64e'
2023-08-09 18:09:32 +0000  /Applications/Xcode-14.3.1.app/Contents/Developer/Toolchains/XcodeDefault.xctoolchain/usr/bin/lipo exited with 1
2023-08-09 18:09:32 +0000  Skipping architecture thinning for item "ac-ios" because arch "arm64e" wasn't found
2023-08-09 18:09:32 +0000  Processing step: IDEDistributionODRStep
2023-08-09 18:09:32 +0000  Processing step: IDEDistributionStripXattrsStep
2023-08-09 18:09:32 +0000  Running /usr/bin/xattr '-crs' '/var/folders/lf/zmnvbkbd3ll6vxd6sc7j8d7r0000gp/T/XcodeDistPipeline.~~~mWuDl0/Root/Payload/ac-ios.app'
2023-08-09 18:09:32 +0000  /usr/bin/xattr exited with 0
2023-08-09 18:09:32 +0000  Processing step: IDEDistributionCodesignStep
2023-08-09 18:09:32 +0000  Entitlements for <IDEDistributionItem: 0x600008ad7120; bundleID='br.org.eldorado.AcademyAttendance', path='<DVTFilePath:0x6000047c8380:'/Users/geovanacontine/Library/Developer/Xcode/Archives/2023-08-09/ac-ios 09-08-23 15.08.xcarchive/Products/Applications/ac-ios.app'>', codeSigningInfo='<_DVTCodeSigningInformation_Path: 0x600010f7d2c0; isSigned='1', isAdHocSigned='0', signingCertificate='<DVTSigningCertificate: 0x6000018bad60; name='Apple Development: Bonilha Contine (HZHP8XW484)', hash='3E8DCA63B28A86595CCFF096450D64AA535AE8BB', serialNumber='7FEBE138BDC480D1EA76D153E3AF9D9E', certificateKinds='(
    "1.2.840.113635.100.6.1.12",
    "1.2.840.113635.100.6.1.2"
), issueDate='2023-07-31 11:43:29 +0000''>', entitlements='{
    "application-identifier" = "4WB5JBQVY8.br.org.eldorado.AcademyAttendance";
    "aps-environment" = development;
    "com.apple.developer.icloud-container-environment" = Production;
    "com.apple.developer.icloud-container-identifiers" =     (
        "iCloud.br.org.eldorado.Academy"
    );
    "com.apple.developer.icloud-services" =     (
        CloudKit
    );
    "com.apple.developer.pass-type-identifiers" =     (
        "4WB5JBQVY8.*"
    );
    "com.apple.developer.team-identifier" = 4WB5JBQVY8;
    "get-task-allow" = 1;
}', teamID='4WB5JBQVY8', identifier='br.org.eldorado.AcademyAttendance', executablePath='<DVTFilePath:0x600008ad7060:'/Users/geovanacontine/Library/Developer/Xcode/Archives/2023-08-09/ac-ios 09-08-23 15.08.xcarchive/Products/Applications/ac-ios.app/ac-ios'>', hardenedRuntime='1'>'>: {
    "application-identifier" = "4WB5JBQVY8.br.org.eldorado.AcademyAttendance";
    "aps-environment" = development;
    "com.apple.developer.icloud-container-environment" = Production;
    "com.apple.developer.icloud-container-identifiers" =     (
        "iCloud.br.org.eldorado.Academy"
    );
    "com.apple.developer.icloud-services" =     (
        CloudKit
    );
    "com.apple.developer.pass-type-identifiers" =     (
        "4WB5JBQVY8.*"
    );
    "com.apple.developer.team-identifier" = 4WB5JBQVY8;
    "get-task-allow" = 1;
}
2023-08-09 18:09:32 +0000  Entitlements for <IDEDistributionItem: 0x600008ad7120; bundleID='br.org.eldorado.AcademyAttendance', path='<DVTFilePath:0x6000047c8380:'/Users/geovanacontine/Library/Developer/Xcode/Archives/2023-08-09/ac-ios 09-08-23 15.08.xcarchive/Products/Applications/ac-ios.app'>', codeSigningInfo='<_DVTCodeSigningInformation_Path: 0x600010f7d2c0; isSigned='1', isAdHocSigned='0', signingCertificate='<DVTSigningCertificate: 0x6000018ba5d0; name='Apple Development: Bonilha Contine (HZHP8XW484)', hash='3E8DCA63B28A86595CCFF096450D64AA535AE8BB', serialNumber='7FEBE138BDC480D1EA76D153E3AF9D9E', certificateKinds='(
    "1.2.840.113635.100.6.1.12",
    "1.2.840.113635.100.6.1.2"
), issueDate='2023-07-31 11:43:29 +0000''>', entitlements='{
    "application-identifier" = "4WB5JBQVY8.br.org.eldorado.AcademyAttendance";
    "aps-environment" = development;
    "com.apple.developer.icloud-container-environment" = Production;
    "com.apple.developer.icloud-container-identifiers" =     (
        "iCloud.br.org.eldorado.Academy"
    );
    "com.apple.developer.icloud-services" =     (
        CloudKit
    );
    "com.apple.developer.pass-type-identifiers" =     (
        "4WB5JBQVY8.*"
    );
    "com.apple.developer.team-identifier" = 4WB5JBQVY8;
    "get-task-allow" = 1;
}', teamID='4WB5JBQVY8', identifier='br.org.eldorado.AcademyAttendance', executablePath='<DVTFilePath:0x600008ad7060:'/Users/geovanacontine/Library/Developer/Xcode/Archives/2023-08-09/ac-ios 09-08-23 15.08.xcarchive/Products/Applications/ac-ios.app/ac-ios'>', hardenedRuntime='1'>'> are: {
    "application-identifier" = "4WB5JBQVY8.br.org.eldorado.AcademyAttendance";
    "aps-environment" = development;
    "com.apple.developer.icloud-container-environment" = Production;
    "com.apple.developer.icloud-container-identifiers" =     (
        "iCloud.br.org.eldorado.Academy"
    );
    "com.apple.developer.icloud-services" =     (
        CloudKit
    );
    "com.apple.developer.pass-type-identifiers" =     (
        "4WB5JBQVY8.*"
    );
    "com.apple.developer.team-identifier" = 4WB5JBQVY8;
    "get-task-allow" = 1;
}
2023-08-09 18:09:32 +0000  Writing entitlements for <IDEDistributionItem: 0x600008ad7120; bundleID='br.org.eldorado.AcademyAttendance', path='<DVTFilePath:0x6000047c8380:'/Users/geovanacontine/Library/Developer/Xcode/Archives/2023-08-09/ac-ios 09-08-23 15.08.xcarchive/Products/Applications/ac-ios.app'>', codeSigningInfo='<_DVTCodeSigningInformation_Path: 0x600010f7d2c0; isSigned='1', isAdHocSigned='0', signingCertificate='<DVTSigningCertificate: 0x60000188d4a0; name='Apple Development: Bonilha Contine (HZHP8XW484)', hash='3E8DCA63B28A86595CCFF096450D64AA535AE8BB', serialNumber='7FEBE138BDC480D1EA76D153E3AF9D9E', certificateKinds='(
    "1.2.840.113635.100.6.1.12",
    "1.2.840.113635.100.6.1.2"
), issueDate='2023-07-31 11:43:29 +0000''>', entitlements='{
    "application-identifier" = "4WB5JBQVY8.br.org.eldorado.AcademyAttendance";
    "aps-environment" = development;
    "com.apple.developer.icloud-container-environment" = Production;
    "com.apple.developer.icloud-container-identifiers" =     (
        "iCloud.br.org.eldorado.Academy"
    );
    "com.apple.developer.icloud-services" =     (
        CloudKit
    );
    "com.apple.developer.pass-type-identifiers" =     (
        "4WB5JBQVY8.*"
    );
    "com.apple.developer.team-identifier" = 4WB5JBQVY8;
    "get-task-allow" = 1;
}', teamID='4WB5JBQVY8', identifier='br.org.eldorado.AcademyAttendance', executablePath='<DVTFilePath:0x600008ad7060:'/Users/geovanacontine/Library/Developer/Xcode/Archives/2023-08-09/ac-ios 09-08-23 15.08.xcarchive/Products/Applications/ac-ios.app/ac-ios'>', hardenedRuntime='1'>'> to: /var/folders/lf/zmnvbkbd3ll6vxd6sc7j8d7r0000gp/T/XcodeDistPipeline.~~~mWuDl0/entitlements~~~8oKdGD
2023-08-09 18:09:32 +0000  Running /usr/bin/codesign '-vvv' '--force' '--sign' '3E8DCA63B28A86595CCFF096450D64AA535AE8BB' '--entitlements' '/var/folders/lf/zmnvbkbd3ll6vxd6sc7j8d7r0000gp/T/XcodeDistPipeline.~~~mWuDl0/entitlements~~~8oKdGD' '--generate-entitlement-der' '--preserve-metadata=identifier,flags,runtime' '/var/folders/lf/zmnvbkbd3ll6vxd6sc7j8d7r0000gp/T/XcodeDistPipeline.~~~mWuDl0/Root/Payload/ac-ios.app'
2023-08-09 18:09:33 +0000  /var/folders/lf/zmnvbkbd3ll6vxd6sc7j8d7r0000gp/T/XcodeDistPipeline.~~~mWuDl0/Root/Payload/ac-ios.app: replacing existing signature
2023-08-09 18:09:33 +0000  /var/folders/lf/zmnvbkbd3ll6vxd6sc7j8d7r0000gp/T/XcodeDistPipeline.~~~mWuDl0/Root/Payload/ac-ios.app: signed app bundle with Mach-O thin (arm64) [br.org.eldorado.AcademyAttendance]
2023-08-09 18:09:33 +0000  /usr/bin/codesign exited with 0
2023-08-09 18:09:33 +0000  Processing step: IDEDistributionZipODRItemStep
2023-08-09 18:09:33 +0000  Skipping step: IDEDistributionZipODRItemStep because it said so
2023-08-09 18:09:33 +0000  Processing step: IDEDistributionCreateIPAStep
2023-08-09 18:09:33 +0000  Running /usr/bin/ditto '-V' '-c' '-k' '--norsrc' '/var/folders/lf/zmnvbkbd3ll6vxd6sc7j8d7r0000gp/T/XcodeDistPipeline.~~~mWuDl0/Root' '/var/folders/lf/zmnvbkbd3ll6vxd6sc7j8d7r0000gp/T/XcodeDistPipeline.~~~mWuDl0/Packages/ac-ios.ipa'
2023-08-09 18:09:33 +0000  >>> Copying /var/folders/lf/zmnvbkbd3ll6vxd6sc7j8d7r0000gp/T/XcodeDistPipeline.~~~mWuDl0/Root 
2023-08-09 18:09:33 +0000  copying file ./Payload/ac-ios.app/_CodeSignature/CodeResources ... 
2023-08-09 18:09:33 +0000  4822 bytes for ./Payload/ac-ios.app/_CodeSignature/CodeResources
2023-08-09 18:09:33 +0000  copying file ./Payload/ac-ios.app/en.lproj/Localizable.strings ... 
2023-08-09 18:09:33 +0000  825 bytes for ./Payload/ac-ios.app/en.lproj/Localizable.strings
2023-08-09 18:09:33 +0000  copying file ./Payload/ac-ios.app/en.lproj/justifyAttendanceForm.yml ... 
2023-08-09 18:09:33 +0000  641 bytes for ./Payload/ac-ios.app/en.lproj/justifyAttendanceForm.yml
2023-08-09 18:09:33 +0000  copying file ./Payload/ac-ios.app/Settings.bundle/en.lproj/Root.strings ... 
2023-08-09 18:09:33 +0000  546 bytes for ./Payload/ac-ios.app/Settings.bundle/en.lproj/Root.strings
2023-08-09 18:09:33 +0000  copying file ./Payload/ac-ios.app/Settings.bundle/Root.plist ... 
2023-08-09 18:09:33 +0000  516 bytes for ./Payload/ac-ios.app/Settings.bundle/Root.plist
2023-08-09 18:09:33 +0000  copying file ./Payload/ac-ios.app/AppIcon60x60@2x.png ... 
2023-08-09 18:09:33 +0000  5703 bytes for ./Payload/ac-ios.app/AppIcon60x60@2x.png
2023-08-09 18:09:33 +0000  copying file ./Payload/ac-ios.app/Assets.car ... 
2023-08-09 18:09:33 +0000  130400 bytes for ./Payload/ac-ios.app/Assets.car
copying file ./Payload/ac-ios.app/AppIcon76x76@2x~ipad.png ... 
2023-08-09 18:09:33 +0000  5904 bytes for ./Payload/ac-ios.app/AppIcon76x76@2x~ipad.png
2023-08-09 18:09:33 +0000  copying file ./Payload/ac-ios.app/pt-BR.lproj/Localizable.strings ... 
2023-08-09 18:09:33 +0000  2205 bytes for ./Payload/ac-ios.app/pt-BR.lproj/Localizable.strings
2023-08-09 18:09:33 +0000  copying file ./Payload/ac-ios.app/pt-BR.lproj/justifyAttendanceForm.yml ... 
2023-08-09 18:09:33 +0000  662 bytes for ./Payload/ac-ios.app/pt-BR.lproj/justifyAttendanceForm.yml
copying file ./Payload/ac-ios.app/ac-ios ... 
2023-08-09 18:09:33 +0000  1328704 bytes for ./Payload/ac-ios.app/ac-ios
copying file ./Payload/ac-ios.app/embedded.mobileprovision ... 
2023-08-09 18:09:33 +0000  163423 bytes for ./Payload/ac-ios.app/embedded.mobileprovision
copying file ./Payload/ac-ios.app/Info.plist ... 
2023-08-09 18:09:33 +0000  1766 bytes for ./Payload/ac-ios.app/Info.plist
copying file ./Payload/ac-ios.app/PkgInfo ... 
2023-08-09 18:09:33 +0000  8 bytes for ./Payload/ac-ios.app/PkgInfo
2023-08-09 18:09:33 +0000  /usr/bin/ditto exited with 0
2023-08-09 18:09:33 +0000  Processing step: IDEDistributionAppStoreInformationStep
2023-08-09 18:09:33 +0000  Skipping step: IDEDistributionAppStoreInformationStep because it said so
2023-08-09 18:09:33 +0000  Processing step: IDEDistributionGenerateProcessedDistributionItems
2023-08-09 18:09:33 +0000  IDEDistributionItem init <DVTFilePath:0x60000471b480:'/var/folders/lf/zmnvbkbd3ll6vxd6sc7j8d7r0000gp/T/XcodeDistPipeline.~~~mWuDl0/Root/Payload/ac-ios.app'>
2023-08-09 18:09:33 +0000  Processing step: IDEDistributionCreateManifestStep
